<?xml version="1.0" encoding="UTF-8"?>
<!-- Generated by org.testng.reporters.JUnitReportReporter -->
<testsuite hostname="PiyushVerma" failures="0" tests="4" name="GitHub.First_Program" time="0.021" errors="0" timestamp="2020-12-06T21:39:26 IST" skipped="0">
  <testcase classname="GitHub.First_Program" name="test4" time="0.012"/>
  <system-out/>
  <testcase classname="GitHub.First_Program" name="test3" time="0.004"/>
  <system-out/>
  <testcase classname="GitHub.First_Program" name="test2" time="0.002"/>
  <system-out/>
  <testcase classname="GitHub.First_Program" name="test1" time="0.003"/>
  <system-out/>
</testsuite> <!-- GitHub.First_Program -->
